<?xml version="1.0" encoding="UTF-8"?>
<!-- Generated by org.testng.reporters.JUnitXMLReporter -->
<testsuite ignored="2" hostname="Ash" failures="0" tests="1" name="Default test" time="883.743" errors="0" timestamp="2024-08-30T11:37:19 IST">
  <testcase classname="com.vtiger.crm.orgtestwithpom_combinedtests_testng.CreateOrganizationTest" name="createOrgTest" time="854.4"/>
  <testcase classname="com.vtiger.crm.orgtestwithpom_combinedtests_testng.CreateOrganizationTest" name="createOrgWithIndustry" time="0.0">
    <ignored/>
  </testcase> <!-- createOrgWithIndustry -->
  <testcase classname="com.vtiger.crm.orgtestwithpom_combinedtests_testng.CreateOrganizationTest" name="createOrgWithPhNo" time="0.0">
    <ignored/>
  </testcase> <!-- createOrgWithPhNo -->
</testsuite> <!-- Default test -->
