<?xml version="1.0" encoding="UTF-8"?>
<!-- Generated by org.testng.reporters.JUnitXMLReporter -->
<testsuite ignored="3" hostname="Ash" failures="0" tests="5" name="TestRunner-firefox" time="324.362" errors="0" timestamp="2024-08-22T16:37:34 IST">
  <testcase classname="com.vtiger.crm.contacttestwithpom_combinedtests_testng.CreateContactTest" name="createContactTest" time="34.985"/>
  <testcase classname="com.vtiger.crm.contacttestwithpom_combinedtests_testng.CreateContactTest" name="createContactWithOrgTest" time="65.571"/>
  <testcase classname="com.vtiger.crm.orgtestwithpom_combinedtests_testng.CreateOrganizationTest" name="createOrgTest" time="27.269"/>
  <testcase classname="com.vtiger.crm.orgtestwithpom_combinedtests_testng.CreateOrganizationTest" name="createOrgWithIndustry" time="24.777"/>
  <testcase classname="com.vtiger.crm.orgtestwithpom_combinedtests_testng.CreateOrganizationTest" name="createOrgWithPhNo" time="26.175"/>
  <testcase classname="com.vtiger.crm.basetest.BaseClass" name="@BeforeSuite configBS" time="0.0">
    <ignored/>
  </testcase> <!-- @BeforeSuite configBS -->
  <testcase classname="com.vtiger.crm.contacttestwithpom_combinedtests_testng.CreateContactTest" name="createContactWithSupportDateTest" time="0.0">
    <ignored/>
  </testcase> <!-- createContactWithSupportDateTest -->
  <testcase classname="com.vtiger.crm.basetest.BaseClass" name="@AfterSuite configAS" time="0.0">
    <ignored/>
  </testcase> <!-- @AfterSuite configAS -->
</testsuite> <!-- TestRunner-firefox -->
