<?xml version="1.0" encoding="UTF-8"?>
<!-- Generated by org.testng.reporters.JUnitXMLReporter -->
<testsuite ignored="2" hostname="Ash" failures="0" tests="1" name="Test" time="80.105" errors="0" timestamp="2024-08-29T12:18:07 IST">
  <testcase classname="com.vtiger.crm.contacttestwithpom_combinedtests_testng.CreateContactTest" name="createContactTest" time="31.337"/>
  <testcase classname="com.vtiger.crm.contacttestwithpom_combinedtests_testng.CreateContactTest" name="createContactWithOrgTest" time="0.0">
    <ignored/>
  </testcase> <!-- createContactWithOrgTest -->
  <testcase classname="com.vtiger.crm.contacttestwithpom_combinedtests_testng.CreateContactTest" name="createContactWithSupportDateTest" time="0.0">
    <ignored/>
  </testcase> <!-- createContactWithSupportDateTest -->
</testsuite> <!-- Test -->
